2025-03-16 08:08:42 -  - exec CUpdateClientPartner::SearchModulesEx
2025-03-16 08:08:42 -  - exec CUpdateClientPartner::__CollectRequestData
2025-03-16 08:08:42 -  - utf=Y&lang=ru&stable=Y&CANGZIP=Y&SUPD_DBS=MYSQL&XE=N&CLIENT_SITE=&LICENSE_KEY=X&SUPD_STS=1&SUPD_URS=0&TYPENC=D&CLIENT_PHPVER=8.2.28&NGINX=Y&dbv=10.5.28&instm=main%2C24.0.796%2CY%3Bui%2C24.300.0%2CN%3Bclouds%2C24.100.0%2CN%3Bperfmon%2C24.0.0%2CN%3Bb24connector%2C24.0.0%2CN%3Btranslate%2C24.0.0%2CN%3Blanding%2C24.400.300%2CN%3Bbitrix.sitecorporate%2C24.0.0%2CN%3Bmessageservice%2C24.500.0%2CN%3Brest%2C24.500.0%2CN%3Blocation%2C24.100.0%2CN%3Bsecurity%2C24.0.0%2CN%3Bsocialservices%2C24.0.200%2CN%3Bhighloadblock%2C24.0.201%2CN%3Bbitrixcloud%2C24.0.0%2CN%3Bsearch%2C24.0.0%2CN%3Biblock%2C24.0.200%2CN%3Bseo%2C24.300.0%2CN%3Bfileman%2C24.100.0%2CN&search_module_id=&search_module=&search_category=7%2C14&search_type=&search_order=DESC&search_order_by=SORT&search_page=1&SUPD_SRS=RU&SUPD_CMP=N
2025-03-16 08:08:42 -  - exec CUpdateClientPartner::GetHTTPPage
2025-03-16 08:08:44 -  - TIME SearchModulesEx(request) 1.219 sec
2025-03-16 08:08:44 -  - exec CUpdateClientPartner::ParseServerData
2025-03-16 08:08:51 -  - exec CUpdateClientPartner::LoadModulesUpdates
2025-03-16 08:08:51 -  - exec CUpdateClientPartner::__CollectRequestData
2025-03-16 08:08:51 -  - utf=Y&lang=ru&stable=Y&CANGZIP=Y&SUPD_DBS=MYSQL&XE=N&CLIENT_SITE=&LICENSE_KEY=X&SUPD_STS=1&SUPD_URS=0&TYPENC=D&CLIENT_PHPVER=8.2.28&NGINX=Y&dbv=10.5.28&instm=main%2C24.0.796%2CY%3Bui%2C24.300.0%2CN%3Bclouds%2C24.100.0%2CN%3Bperfmon%2C24.0.0%2CN%3Bb24connector%2C24.0.0%2CN%3Btranslate%2C24.0.0%2CN%3Blanding%2C24.400.300%2CN%3Bbitrix.sitecorporate%2C24.0.0%2CN%3Bmessageservice%2C24.500.0%2CN%3Brest%2C24.500.0%2CN%3Blocation%2C24.100.0%2CN%3Bsecurity%2C24.0.0%2CN%3Bsocialservices%2C24.0.200%2CN%3Bhighloadblock%2C24.0.201%2CN%3Bbitrixcloud%2C24.0.0%2CN%3Bsearch%2C24.0.0%2CN%3Biblock%2C24.0.200%2CN%3Bseo%2C24.300.0%2CN%3Bfileman%2C24.100.0%2CN&reqm=nsandrey.emptyinstall&lim=Y&SUPD_SRS=RU&SUPD_CMP=N
2025-03-16 08:08:51 -  - exec CUpdateClientPartner::GetHTTPPage
2025-03-16 08:08:51 -  - TIME LoadModulesUpdates(request) 0.372 sec
2025-03-16 08:08:51 -  - exec CUpdateClientPartner::ParseServerData
2025-03-16 08:08:51 - S - STEP
2025-03-16 08:08:51 - LM4W01 - loadModule4Wizard-Step
2025-03-16 08:08:52 -  - exec CUpdateClientPartner::LoadModulesUpdates
2025-03-16 08:08:52 -  - exec CUpdateClientPartner::ParseServerData
2025-03-16 08:08:52 -  - loadFile
2025-03-16 08:08:52 - U - RETURN
2025-03-16 08:08:52 -  - exec CUpdateClientPartner::UnGzipArchive
2025-03-16 08:08:52 -  - TIME UnGzipArchive 0.013 sec
2025-03-16 08:08:52 -  - TIME UpdateStepModules 0.006 sec
2025-03-16 08:08:52 -  - exec CUpdateClientPartner::LoadModulesUpdates
2025-03-16 08:08:52 -  - exec CUpdateClientPartner::__CollectRequestData
2025-03-16 08:08:52 -  - utf=Y&lang=ru&stable=Y&CANGZIP=Y&SUPD_DBS=MYSQL&XE=N&CLIENT_SITE=&LICENSE_KEY=X&SUPD_STS=1&SUPD_URS=0&TYPENC=D&CLIENT_PHPVER=8.2.28&NGINX=Y&dbv=10.5.28&instm=main%2C24.0.796%2CY%3Bui%2C24.300.0%2CN%3Bclouds%2C24.100.0%2CN%3Bperfmon%2C24.0.0%2CN%3Bb24connector%2C24.0.0%2CN%3Btranslate%2C24.0.0%2CN%3Blanding%2C24.400.300%2CN%3Bbitrix.sitecorporate%2C24.0.0%2CN%3Bmessageservice%2C24.500.0%2CN%3Brest%2C24.500.0%2CN%3Blocation%2C24.100.0%2CN%3Bsecurity%2C24.0.0%2CN%3Bsocialservices%2C24.0.200%2CN%3Bnsandrey.emptyinstall%2C1.0.5%2CN%3Bhighloadblock%2C24.0.201%2CN%3Bbitrixcloud%2C24.0.0%2CN%3Bsearch%2C24.0.0%2CN%3Biblock%2C24.0.200%2CN%3Bseo%2C24.300.0%2CN%3Bfileman%2C24.100.0%2CN&reqm=nsandrey.emptyinstall&lim=Y&SUPD_SRS=RU&SUPD_CMP=N
2025-03-16 08:08:52 -  - exec CUpdateClientPartner::GetHTTPPage
2025-03-16 08:08:52 -  - TIME LoadModulesUpdates(request) 0.393 sec
2025-03-16 08:08:52 -  - exec CUpdateClientPartner::ParseServerData
2025-03-16 08:08:52 - STEP - Finish - NOUPDATES
2025-03-16 08:08:52 - LM4W03 - Finish - NOUPDATES
2025-03-16 08:09:41 -  - exec CUpdateClientPartner::__CollectRequestData
2025-03-16 08:09:41 -  - exec CUpdateClientPartner::GetHTTPPage
2025-03-16 08:09:42 -  - exec CUpdateClientPartner::ParseServerData
2025-03-16 08:09:42 -  - exec CUpdateClientPartner::GetUpdatesList
2025-03-16 08:09:42 -  - exec CUpdateClientPartner::__CollectRequestData
2025-03-16 08:09:42 -  - utf=Y&lang=ru&stable=Y&CANGZIP=Y&SUPD_DBS=MYSQL&XE=N&CLIENT_SITE=&LICENSE_KEY=X&SUPD_STS=1&SUPD_URS=0&TYPENC=D&CLIENT_PHPVER=8.2.28&NGINX=Y&dbv=10.5.28&instm=main%2C24.0.796%2CY%3Bui%2C24.300.0%2CN%3Bclouds%2C24.100.0%2CN%3Bperfmon%2C24.0.0%2CN%3Bb24connector%2C24.0.0%2CN%3Btranslate%2C24.0.0%2CN%3Blanding%2C24.400.300%2CN%3Bbitrix.sitecorporate%2C24.0.0%2CN%3Bmessageservice%2C24.500.0%2CN%3Brest%2C24.500.0%2CN%3Blocation%2C24.100.0%2CN%3Bsecurity%2C24.0.0%2CN%3Bsocialservices%2C24.0.200%2CN%3Bnsandrey.emptyinstall%2C1.0.5%2CN%3Bhighloadblock%2C24.0.201%2CN%3Bbitrixcloud%2C24.0.0%2CN%3Bsearch%2C24.0.0%2CN%3Biblock%2C24.0.200%2CN%3Bseo%2C24.300.0%2CN%3Bfileman%2C24.100.0%2CN&reqm=bitrix.sitecorporate%2Cnsandrey.emptyinstall&fullmoduleinfo=Y&SUPD_SRS=RU&SUPD_CMP=N
2025-03-16 08:09:42 -  - exec CUpdateClientPartner::GetHTTPPage
2025-03-16 08:09:42 -  - TIME GetUpdatesList(request) 0.423 sec
2025-03-16 08:09:42 -  - exec CUpdateClientPartner::ParseServerData
2025-03-16 08:09:42 -  - exec CUpdateClientPartner::__CollectRequestData
2025-03-16 08:09:42 -  - exec CUpdateClientPartner::GetHTTPPage
2025-03-16 08:09:43 -  - exec CUpdateClientPartner::ParseServerData
